// 重构日志: 40811d73
// 重构日志: 5429120a
// 重构日志: df305371
// 重构日志: dbe173b3
// 同步 ID: dbfa6634 @ Sat Jul  4 12:30:11 UTC 2026
// 同步 ID: b39233f2 @ Sun Jul  5 09:23:14 UTC 2026
// 同步 ID: 27d9dce5 @ Tue Jul  7 12:04:01 UTC 2026
// 重构日志: 3204cca5
// 同步 ID: 339a61ed @ Fri Jul 10 18:20:03 UTC 2026
// 同步 ID: c1c37fcf @ Sat Jul 11 06:48:55 UTC 2026
// 重构日志: cabace10
// 同步 ID: 2f8bdd2b @ Wed Jul 15 13:21:23 UTC 2026
// 同步 ID: f6b8cd89 @ Fri Jul 17 15:58:12 UTC 2026
// 同步 ID: 225bd22d @ Sun Jul 19 15:53:19 UTC 2026
// 重构日志: b84e15ce
// 重构日志: a8a45866
// 同步 ID: 7ccfdfa3 @ Wed Jul 22 10:12:21 UTC 2026
// 重构日志: a29f0dad
// 重构日志: f92fd759
// 重构日志: 07d92a16
